[16:34:43] [main/INFO]: Setting user: Player910
[16:34:48] [Client thread/INFO]: LWJGL Version: 2.9.1
[16:35:17] [Client thread/INFO]: Reloading ResourceManager: Default, FMLFileResourcePack:Forge Mod Loader, FMLFileResourcePack:Minecraft Forge, FMLFileResourcePack:TestMod
[16:35:21] [Sound Library Loader/INFO]: Sound engine started
[16:35:31] [Client thread/INFO]: Created: 512x256 textures/blocks-atlas
[16:35:32] [Client thread/ERROR]: Using missing texture, unable to load dakingcartoon_testmod:textures/items/garnet.png
java.io.FileNotFoundException: dakingcartoon_testmod:textures/items/garnet.png
	at net.minecraft.client.resources.FallbackResourceManager.getResource(FallbackResourceManager.java:65) ~[FallbackResourceManager.class:?]
	at net.minecraft.client.resources.SimpleReloadableResourceManager.getResource(SimpleReloadableResourceManager.java:67) ~[SimpleReloadableResourceManager.class:?]
	at net.minecraft.client.renderer.texture.TextureMap.loadTextureAtlas(TextureMap.java:126) [TextureMap.class:?]
	at net.minecraft.client.renderer.texture.TextureMap.loadTexture(TextureMap.java:91) [TextureMap.class:?]
	at net.minecraft.client.renderer.texture.TextureManager.loadTexture(TextureManager.java:89) [TextureManager.class:?]
	at net.minecraft.client.renderer.texture.TextureManager.loadTickableTexture(TextureManager.java:71) [TextureManager.class:?]
	at net.minecraft.client.renderer.texture.TextureManager.loadTextureMap(TextureManager.java:58) [TextureManager.class:?]
	at net.minecraft.client.Minecraft.startGame(Minecraft.java:583) [Minecraft.class:?]
	at net.minecraft.client.Minecraft.run(Minecraft.java:931) [Minecraft.class:?]
	at net.minecraft.client.main.Main.main(Main.java:164) [Main.class:?]
	at sun.reflect.NativeMethodAccessorImpl.invoke0(Native Method) ~[?:1.8.0_31]
	at sun.reflect.NativeMethodAccessorImpl.invoke(Unknown Source) ~[?:1.8.0_31]
	at sun.reflect.DelegatingMethodAccessorImpl.invoke(Unknown Source) ~[?:1.8.0_31]
	at java.lang.reflect.Method.invoke(Unknown Source) ~[?:1.8.0_31]
	at net.minecraft.launchwrapper.Launch.launch(Launch.java:135) [launchwrapper-1.11.jar:?]
	at net.minecraft.launchwrapper.Launch.main(Launch.java:28) [launchwrapper-1.11.jar:?]
	at net.minecraftforge.gradle.GradleStartCommon.launch(GradleStartCommon.java:78) [start/:?]
	at GradleStart.main(GradleStart.java:45) [start/:?]
[16:35:32] [Client thread/INFO]: Created: 256x256 textures/items-atlas
[16:35:33] [Client thread/INFO]: Reloading ResourceManager: Default, FMLFileResourcePack:Forge Mod Loader, FMLFileResourcePack:Minecraft Forge, FMLFileResourcePack:TestMod
[16:35:35] [Client thread/INFO]: Created: 512x256 textures/blocks-atlas
[16:35:35] [Client thread/ERROR]: Using missing texture, unable to load dakingcartoon_testmod:textures/items/garnet.png
java.io.FileNotFoundException: dakingcartoon_testmod:textures/items/garnet.png
	at net.minecraft.client.resources.FallbackResourceManager.getResource(FallbackResourceManager.java:65) ~[FallbackResourceManager.class:?]
	at net.minecraft.client.resources.SimpleReloadableResourceManager.getResource(SimpleReloadableResourceManager.java:67) ~[SimpleReloadableResourceManager.class:?]
	at net.minecraft.client.renderer.texture.TextureMap.loadTextureAtlas(TextureMap.java:126) [TextureMap.class:?]
	at net.minecraft.client.renderer.texture.TextureMap.loadTexture(TextureMap.java:91) [TextureMap.class:?]
	at net.minecraft.client.renderer.texture.TextureManager.loadTexture(TextureManager.java:89) [TextureManager.class:?]
	at net.minecraft.client.renderer.texture.TextureManager.onResourceManagerReload(TextureManager.java:170) [TextureManager.class:?]
	at net.minecraft.client.resources.SimpleReloadableResourceManager.notifyReloadListeners(SimpleReloadableResourceManager.java:134) [SimpleReloadableResourceManager.class:?]
	at net.minecraft.client.resources.SimpleReloadableResourceManager.reloadResources(SimpleReloadableResourceManager.java:118) [SimpleReloadableResourceManager.class:?]
	at net.minecraft.client.Minecraft.refreshResources(Minecraft.java:643) [Minecraft.class:?]
	at cpw.mods.fml.client.FMLClientHandler.finishMinecraftLoading(FMLClientHandler.java:303) [FMLClientHandler.class:?]
	at net.minecraft.client.Minecraft.startGame(Minecraft.java:586) [Minecraft.class:?]
	at net.minecraft.client.Minecraft.run(Minecraft.java:931) [Minecraft.class:?]
	at net.minecraft.client.main.Main.main(Main.java:164) [Main.class:?]
	at sun.reflect.NativeMethodAccessorImpl.invoke0(Native Method) ~[?:1.8.0_31]
	at sun.reflect.NativeMethodAccessorImpl.invoke(Unknown Source) ~[?:1.8.0_31]
	at sun.reflect.DelegatingMethodAccessorImpl.invoke(Unknown Source) ~[?:1.8.0_31]
	at java.lang.reflect.Method.invoke(Unknown Source) ~[?:1.8.0_31]
	at net.minecraft.launchwrapper.Launch.launch(Launch.java:135) [launchwrapper-1.11.jar:?]
	at net.minecraft.launchwrapper.Launch.main(Launch.java:28) [launchwrapper-1.11.jar:?]
	at net.minecraftforge.gradle.GradleStartCommon.launch(GradleStartCommon.java:78) [start/:?]
	at GradleStart.main(GradleStart.java:45) [start/:?]
[16:35:35] [Client thread/INFO]: Created: 256x256 textures/items-atlas
[16:35:38] [Sound Library Loader/INFO]: Sound engine started
[16:35:51] [Server thread/INFO]: Starting integrated minecraft server version 1.7.10
[16:35:51] [Server thread/INFO]: Generating keypair
[16:35:53] [Server thread/INFO]: Preparing start region for level 0
[16:35:54] [Server thread/INFO]: Preparing spawn area: 12%
[16:35:55] [Server thread/INFO]: Preparing spawn area: 47%
[16:35:56] [Server thread/INFO]: Changing view distance to 4, from 10
[16:36:00] [Server thread/INFO]: Player910[local:E:577c45f9] logged in with entity id 162 at (411.6597695340093, 4.0, 622.9070011751559)
[16:36:00] [Server thread/INFO]: Player910 joined the game
[16:36:02] [Server thread/WARN]: Can't keep up! Did the system time change, or is the server overloaded? Running 2107ms behind, skipping 42 tick(s)
[16:36:08] [Server thread/INFO]: Player910 has just earned the achievement [Taking Inventory]
[16:36:08] [Client thread/INFO]: [CHAT] Player910 has just earned the achievement [Taking Inventory]
[16:36:17] [Server thread/INFO]: Saving and pausing game...
[16:36:17] [Server thread/INFO]: Saving chunks for level 'testworld'/Overworld
[16:36:17] [Server thread/INFO]: Saving chunks for level 'testworld'/Nether
[16:36:17] [Server thread/INFO]: Saving chunks for level 'testworld'/The End
[16:36:18] [Server thread/INFO]: Stopping server
[16:36:18] [Server thread/INFO]: Saving players
[16:36:18] [Server thread/INFO]: Saving worlds
[16:36:18] [Server thread/INFO]: Saving chunks for level 'testworld'/Overworld
[16:36:18] [Server thread/INFO]: Saving chunks for level 'testworld'/Nether
[16:36:18] [Server thread/INFO]: Saving chunks for level 'testworld'/The End
[16:36:22] [Client thread/INFO]: Stopping!
[19:14:36] [main/INFO]: Setting user: Player648
