[22:04:09] [main/INFO]: Setting user: Player710
[22:04:20] [Client thread/INFO]: LWJGL Version: 2.9.1
[22:04:43] [Client thread/INFO]: Reloading ResourceManager: Default, FMLFileResourcePack:Forge Mod Loader, FMLFileResourcePack:Minecraft Forge, FMLFileResourcePack:TestMod
[22:04:47] [Sound Library Loader/INFO]: Sound engine started
[22:04:54] [Client thread/INFO]: Created: 512x256 textures/blocks-atlas
[22:04:55] [Client thread/INFO]: Created: 256x256 textures/items-atlas
[22:04:56] [Client thread/INFO]: Reloading ResourceManager: Default, FMLFileResourcePack:Forge Mod Loader, FMLFileResourcePack:Minecraft Forge, FMLFileResourcePack:TestMod
[22:04:58] [Client thread/INFO]: Created: 512x256 textures/blocks-atlas
[22:04:58] [Client thread/INFO]: Created: 256x256 textures/items-atlas
[22:04:59] [Sound Library Loader/INFO]: Sound engine started
[22:05:26] [Server thread/INFO]: Starting integrated minecraft server version 1.7.10
[22:05:26] [Server thread/INFO]: Generating keypair
[22:05:32] [Server thread/INFO]: Preparing start region for level 0
[22:05:33] [Server thread/INFO]: Preparing spawn area: 16%
[22:05:34] [Server thread/INFO]: Preparing spawn area: 68%
[22:05:35] [Server thread/INFO]: Changing view distance to 4, from 10
[22:05:38] [Server thread/INFO]: Player710[local:E:6b0045d9] logged in with entity id 156 at (401.6529369391501, 4.0, 611.725849244826)
[22:05:38] [Server thread/INFO]: Player710 joined the game
[22:05:39] [Server thread/WARN]: Can't keep up! Did the system time change, or is the server overloaded? Running 2556ms behind, skipping 51 tick(s)
[22:05:41] [Server thread/INFO]: Saving and pausing game...
[22:05:41] [Server thread/INFO]: Saving chunks for level 'testworld'/Overworld
[22:05:43] [Server thread/INFO]: Saving chunks for level 'testworld'/Nether
[22:05:43] [Server thread/INFO]: Saving chunks for level 'testworld'/The End
[22:06:54] [Server thread/INFO]: Player710 has just earned the achievement [Taking Inventory]
[22:06:54] [Client thread/INFO]: [CHAT] Player710 has just earned the achievement [Taking Inventory]
[22:07:03] [Server thread/WARN]: Can't keep up! Did the system time change, or is the server overloaded? Running 2815ms behind, skipping 56 tick(s)
[22:07:04] [Server thread/INFO]: [Player710: Set own game mode to Creative Mode]
[22:07:04] [Client thread/INFO]: [CHAT] Your game mode has been updated
[22:07:23] [Server thread/WARN]: Can't keep up! Did the system time change, or is the server overloaded? Running 6464ms behind, skipping 129 tick(s)
[22:08:03] [Server thread/WARN]: Can't keep up! Did the system time change, or is the server overloaded? Running 2226ms behind, skipping 44 tick(s)
[22:08:56] [Server thread/WARN]: Can't keep up! Did the system time change, or is the server overloaded? Running 2249ms behind, skipping 44 tick(s)
[22:09:35] [Server thread/WARN]: Can't keep up! Did the system time change, or is the server overloaded? Running 15779ms behind, skipping 315 tick(s)
[22:09:38] [Server thread/WARN]: Can't keep up! Did the system time change, or is the server overloaded? Running 3113ms behind, skipping 62 tick(s)
[22:09:57] [Server thread/WARN]: Can't keep up! Did the system time change, or is the server overloaded? Running 3828ms behind, skipping 76 tick(s)
[22:10:13] [Server thread/WARN]: Can't keep up! Did the system time change, or is the server overloaded? Running 2493ms behind, skipping 49 tick(s)
[22:10:47] [Server thread/INFO]: Saving and pausing game...
[22:10:47] [Server thread/INFO]: Saving chunks for level 'testworld'/Overworld
[22:10:47] [Server thread/INFO]: Saving chunks for level 'testworld'/Nether
[22:10:47] [Server thread/INFO]: Saving chunks for level 'testworld'/The End
[22:12:04] [Server thread/WARN]: Can't keep up! Did the system time change, or is the server overloaded? Running 2191ms behind, skipping 43 tick(s)
[22:12:41] [Server thread/WARN]: Can't keep up! Did the system time change, or is the server overloaded? Running 19670ms behind, skipping 393 tick(s)
[22:13:59] [Server thread/WARN]: Can't keep up! Did the system time change, or is the server overloaded? Running 3447ms behind, skipping 68 tick(s)
[22:14:22] [Server thread/WARN]: Can't keep up! Did the system time change, or is the server overloaded? Running 8887ms behind, skipping 177 tick(s)
[22:14:32] [Server thread/WARN]: Can't keep up! Did the system time change, or is the server overloaded? Running 3749ms behind, skipping 74 tick(s)
[22:15:02] [Server thread/WARN]: Can't keep up! Did the system time change, or is the server overloaded? Running 2765ms behind, skipping 55 tick(s)
[22:15:23] [Server thread/WARN]: Can't keep up! Did the system time change, or is the server overloaded? Running 4200ms behind, skipping 84 tick(s)
[22:16:09] [Server thread/WARN]: Can't keep up! Did the system time change, or is the server overloaded? Running 3225ms behind, skipping 64 tick(s)
[22:16:29] [Server thread/WARN]: Can't keep up! Did the system time change, or is the server overloaded? Running 3364ms behind, skipping 67 tick(s)
[22:16:50] [Server thread/WARN]: Can't keep up! Did the system time change, or is the server overloaded? Running 2226ms behind, skipping 44 tick(s)
[22:17:11] [Server thread/WARN]: Can't keep up! Did the system time change, or is the server overloaded? Running 2089ms behind, skipping 41 tick(s)
[22:17:30] [Server thread/WARN]: Can't keep up! Did the system time change, or is the server overloaded? Running 3501ms behind, skipping 70 tick(s)
[22:17:46] [Server thread/WARN]: Can't keep up! Did the system time change, or is the server overloaded? Running 4515ms behind, skipping 90 tick(s)
[22:18:03] [Server thread/WARN]: Can't keep up! Did the system time change, or is the server overloaded? Running 3097ms behind, skipping 61 tick(s)
[22:18:27] [Server thread/WARN]: Can't keep up! Did the system time change, or is the server overloaded? Running 2544ms behind, skipping 50 tick(s)
[22:18:49] [Server thread/WARN]: Can't keep up! Did the system time change, or is the server overloaded? Running 6327ms behind, skipping 126 tick(s)
[22:19:02] [Server thread/WARN]: Can't keep up! Did the system time change, or is the server overloaded? Running 3678ms behind, skipping 73 tick(s)
[22:19:16] [Server thread/WARN]: Can't keep up! Did the system time change, or is the server overloaded? Running 2051ms behind, skipping 41 tick(s)
[22:20:23] [Client thread/INFO]: [CHAT] Saved screenshot as 2015-02-20_22.20.22.png
[22:20:26] [Server thread/INFO]: Saving and pausing game...
[22:20:26] [Server thread/INFO]: Saving chunks for level 'testworld'/Overworld
[22:20:27] [Server thread/INFO]: Saving chunks for level 'testworld'/Nether
[22:20:27] [Server thread/INFO]: Saving chunks for level 'testworld'/The End
[22:20:29] [Server thread/INFO]: Stopping server
[22:20:29] [Server thread/INFO]: Saving players
[22:20:30] [Server thread/INFO]: Saving worlds
[22:20:30] [Server thread/INFO]: Saving chunks for level 'testworld'/Overworld
[22:20:30] [Server thread/INFO]: Saving chunks for level 'testworld'/Nether
[22:20:30] [Server thread/INFO]: Saving chunks for level 'testworld'/The End
[22:20:46] [Client thread/INFO]: Stopping!
